{"timestamp":"2025-09-01T04:13:35.600292","level":"warning","event":"Could not import pandas. Holidays will not be considered.","logger":"airflow.example_dags.plugins.workday"}
{"timestamp":"2025-09-01T04:13:35.633213","level":"info","event":"DAG bundles loaded: dags-folder, example_dags","logger":"airflow.dag_processing.bundles.manager.DagBundlesManager"}
{"timestamp":"2025-09-01T04:13:35.633596","level":"info","event":"Filling up the DagBag from /Users/quocminh/Documents/portfolio-projects/ecommerce_project_ETL/airflow_project/dags/order_monitor_dag.py","logger":"airflow.models.dagbag.DagBag"}
{"timestamp":"2025-09-01T04:13:35.751641Z","level":"info","event":"Task instance is in running state","chan":"stdout","logger":"task"}
{"timestamp":"2025-09-01T04:13:35.751721Z","level":"info","event":" Previous state of the Task instance: TaskInstanceState.QUEUED","chan":"stdout","logger":"task"}
{"timestamp":"2025-09-01T04:13:35.751933Z","level":"info","event":"Current task name:run_dbt_models","chan":"stdout","logger":"task"}
{"timestamp":"2025-09-01T04:13:35.751978Z","level":"info","event":"Dag name:order_monitor_dag","chan":"stdout","logger":"task"}
{"timestamp":"2025-09-01T04:13:35.754080","level":"info","event":"Tmp dir root location: /var/folders/dz/nl2z77xj4w9fhmgncgd1845h0000gn/T","logger":"airflow.task.hooks.airflow.providers.standard.hooks.subprocess.SubprocessHook"}
{"timestamp":"2025-09-01T04:13:35.754699","level":"info","event":"Running command: ['/bin/bash', '-c', 'source \"/Users/quocminh/Documents/portfolio-projects/ecommerce_project_ETL/airflow_venv_3117/bin/activate\" && cd \"/Users/quocminh/Documents/portfolio-projects/ecommerce_project_ETL/dbt_ecommerce\" && dbt run']","logger":"airflow.task.hooks.airflow.providers.standard.hooks.subprocess.SubprocessHook"}
{"timestamp":"2025-09-01T04:13:35.761780","level":"info","event":"Output:","logger":"airflow.task.hooks.airflow.providers.standard.hooks.subprocess.SubprocessHook"}
{"timestamp":"2025-09-01T04:13:37.815781","level":"info","event":"\u001b[0m04:13:37  Running with dbt=1.10.10","logger":"airflow.task.hooks.airflow.providers.standard.hooks.subprocess.SubprocessHook"}
{"timestamp":"2025-09-01T04:13:40.700248","level":"info","event":"\u001b[0m04:13:40  Registered adapter: snowflake=1.10.0","logger":"airflow.task.hooks.airflow.providers.standard.hooks.subprocess.SubprocessHook"}
{"timestamp":"2025-09-01T04:13:40.998029","level":"info","event":"\u001b[0m04:13:40  Found 4 models, 477 macros","logger":"airflow.task.hooks.airflow.providers.standard.hooks.subprocess.SubprocessHook"}
{"timestamp":"2025-09-01T04:13:40.999760","level":"info","event":"\u001b[0m04:13:40","logger":"airflow.task.hooks.airflow.providers.standard.hooks.subprocess.SubprocessHook"}
{"timestamp":"2025-09-01T04:13:41.000075","level":"info","event":"\u001b[0m04:13:40  Concurrency: 1 threads (target='dev')","logger":"airflow.task.hooks.airflow.providers.standard.hooks.subprocess.SubprocessHook"}
{"timestamp":"2025-09-01T04:13:41.000294","level":"info","event":"\u001b[0m04:13:41","logger":"airflow.task.hooks.airflow.providers.standard.hooks.subprocess.SubprocessHook"}
{"timestamp":"2025-09-01T04:13:42.611672","level":"info","event":"\u001b[0m04:13:42  1 of 4 START sql view model dbt_schema.stg_customers ........................... [RUN]","logger":"airflow.task.hooks.airflow.providers.standard.hooks.subprocess.SubprocessHook"}
{"timestamp":"2025-09-01T04:13:42.908325","level":"info","event":"\u001b[0m04:13:42  1 of 4 OK created sql view model dbt_schema.stg_customers ...................... [\u001b[32mSUCCESS 1\u001b[0m in 0.30s]","logger":"airflow.task.hooks.airflow.providers.standard.hooks.subprocess.SubprocessHook"}
{"timestamp":"2025-09-01T04:13:42.909993","level":"info","event":"\u001b[0m04:13:42  2 of 4 START sql view model dbt_schema.stg_orders .............................. [RUN]","logger":"airflow.task.hooks.airflow.providers.standard.hooks.subprocess.SubprocessHook"}
{"timestamp":"2025-09-01T04:13:43.106224","level":"info","event":"\u001b[0m04:13:43  2 of 4 OK created sql view model dbt_schema.stg_orders ......................... [\u001b[32mSUCCESS 1\u001b[0m in 0.20s]","logger":"airflow.task.hooks.airflow.providers.standard.hooks.subprocess.SubprocessHook"}
{"timestamp":"2025-09-01T04:13:43.107440","level":"info","event":"\u001b[0m04:13:43  3 of 4 START sql view model dbt_schema.stg_shipments ........................... [RUN]","logger":"airflow.task.hooks.airflow.providers.standard.hooks.subprocess.SubprocessHook"}
{"timestamp":"2025-09-01T04:13:43.366135","level":"info","event":"\u001b[0m04:13:43  3 of 4 OK created sql view model dbt_schema.stg_shipments ...................... [\u001b[32mSUCCESS 1\u001b[0m in 0.26s]","logger":"airflow.task.hooks.airflow.providers.standard.hooks.subprocess.SubprocessHook"}
{"timestamp":"2025-09-01T04:13:43.370128","level":"info","event":"\u001b[0m04:13:43  4 of 4 START sql view model dbt_schema.orders_status ........................... [RUN]","logger":"airflow.task.hooks.airflow.providers.standard.hooks.subprocess.SubprocessHook"}
{"timestamp":"2025-09-01T04:13:43.752756","level":"info","event":"\u001b[0m04:13:43  4 of 4 OK created sql view model dbt_schema.orders_status ...................... [\u001b[32mSUCCESS 1\u001b[0m in 0.38s]","logger":"airflow.task.hooks.airflow.providers.standard.hooks.subprocess.SubprocessHook"}
{"timestamp":"2025-09-01T04:13:43.894061","level":"info","event":"\u001b[0m04:13:43","logger":"airflow.task.hooks.airflow.providers.standard.hooks.subprocess.SubprocessHook"}
{"timestamp":"2025-09-01T04:13:43.894912","level":"info","event":"\u001b[0m04:13:43  Finished running 4 view models in 0 hours 0 minutes and 2.89 seconds (2.89s).","logger":"airflow.task.hooks.airflow.providers.standard.hooks.subprocess.SubprocessHook"}
{"timestamp":"2025-09-01T04:13:43.936990","level":"info","event":"\u001b[0m04:13:43","logger":"airflow.task.hooks.airflow.providers.standard.hooks.subprocess.SubprocessHook"}
{"timestamp":"2025-09-01T04:13:43.937315","level":"info","event":"\u001b[0m04:13:43  \u001b[32mCompleted successfully\u001b[0m","logger":"airflow.task.hooks.airflow.providers.standard.hooks.subprocess.SubprocessHook"}
{"timestamp":"2025-09-01T04:13:43.937632","level":"info","event":"\u001b[0m04:13:43","logger":"airflow.task.hooks.airflow.providers.standard.hooks.subprocess.SubprocessHook"}
{"timestamp":"2025-09-01T04:13:43.937998","level":"info","event":"\u001b[0m04:13:43  Done. PASS=4 WARN=0 ERROR=0 SKIP=0 NO-OP=0 TOTAL=4","logger":"airflow.task.hooks.airflow.providers.standard.hooks.subprocess.SubprocessHook"}
{"timestamp":"2025-09-01T04:13:45.387564","level":"info","event":"Command exited with return code 0","logger":"airflow.task.hooks.airflow.providers.standard.hooks.subprocess.SubprocessHook"}
{"timestamp":"2025-09-01T04:13:45.389416","level":"info","event":"Pushing xcom","ti":"RuntimeTaskInstance(id=UUID('0199037a-f1a0-774c-b59a-0dd459f36480'), task_id='run_dbt_models', dag_id='order_monitor_dag', run_id='scheduled__2025-09-01T04:00:00+00:00', try_number=1, map_index=-1, hostname='edwards-macbook-air.local', context_carrier=None, task=<Task(BashOperator): run_dbt_models>, bundle_instance=LocalDagBundle(name=dags-folder), max_tries=0, start_date=datetime.datetime(2025, 9, 1, 4, 13, 34, 883237, tzinfo=datetime.timezone.utc), end_date=None, state=<TaskInstanceState.RUNNING: 'running'>, is_mapped=False, rendered_map_index=None, log_url='http://localhost:8080/dags/order_monitor_dag/runs/scheduled__2025-09-01T04%3A00%3A00%2B00%3A00/tasks/run_dbt_models?try_number=1')","logger":"task"}
{"timestamp":"2025-09-01T04:13:45.419817Z","level":"info","event":"Task instance in success state","chan":"stdout","logger":"task"}
{"timestamp":"2025-09-01T04:13:45.419926Z","level":"info","event":" Previous state of the Task instance: TaskInstanceState.RUNNING","chan":"stdout","logger":"task"}
{"timestamp":"2025-09-01T04:13:45.420987Z","level":"info","event":"Task operator:<Task(BashOperator): run_dbt_models>","chan":"stdout","logger":"task"}
