{"timestamp":"2025-09-01T04:13:46.283020","level":"warning","event":"Could not import pandas. Holidays will not be considered.","logger":"airflow.example_dags.plugins.workday"}
{"timestamp":"2025-09-01T04:13:46.297472","level":"info","event":"DAG bundles loaded: dags-folder, example_dags","logger":"airflow.dag_processing.bundles.manager.DagBundlesManager"}
{"timestamp":"2025-09-01T04:13:46.298072","level":"info","event":"Filling up the DagBag from /Users/quocminh/Documents/portfolio-projects/ecommerce_project_ETL/airflow_project/dags/order_monitor_dag.py","logger":"airflow.models.dagbag.DagBag"}
{"timestamp":"2025-09-01T04:13:46.373334Z","level":"info","event":"Task instance is in running state","chan":"stdout","logger":"task"}
{"timestamp":"2025-09-01T04:13:46.373411Z","level":"info","event":" Previous state of the Task instance: TaskInstanceState.QUEUED","chan":"stdout","logger":"task"}
{"timestamp":"2025-09-01T04:13:46.373625Z","level":"info","event":"Current task name:check_delayed_orders","chan":"stdout","logger":"task"}
{"timestamp":"2025-09-01T04:13:46.373656Z","level":"info","event":"Dag name:order_monitor_dag","chan":"stdout","logger":"task"}
{"timestamp":"2025-09-01T04:13:46.374193","level":"info","event":"Tmp dir root location: /var/folders/dz/nl2z77xj4w9fhmgncgd1845h0000gn/T","logger":"airflow.task.hooks.airflow.providers.standard.hooks.subprocess.SubprocessHook"}
{"timestamp":"2025-09-01T04:13:46.375893","level":"info","event":"Running command: ['/bin/bash', '-c', 'source \"/Users/quocminh/Documents/portfolio-projects/ecommerce_project_ETL/airflow_venv_3117/bin/activate\" && python \"/Users/quocminh/Documents/portfolio-projects/ecommerce_project_ETL/airflow_project/dags/utils/check_delayed_orders.py\"']","logger":"airflow.task.hooks.airflow.providers.standard.hooks.subprocess.SubprocessHook"}
{"timestamp":"2025-09-01T04:13:46.386006","level":"info","event":"Output:","logger":"airflow.task.hooks.airflow.providers.standard.hooks.subprocess.SubprocessHook"}
{"timestamp":"2025-09-01T04:13:47.472353","level":"info","event":"✅ Running Snowflake delayed orders check...","logger":"airflow.task.hooks.airflow.providers.standard.hooks.subprocess.SubprocessHook"}
{"timestamp":"2025-09-01T04:13:47.474078","level":"info","event":"✅ Python path: /Users/quocminh/Documents/portfolio-projects/ecommerce_project_ETL/airflow_venv_3117/bin/python","logger":"airflow.task.hooks.airflow.providers.standard.hooks.subprocess.SubprocessHook"}
{"timestamp":"2025-09-01T04:13:47.474441","level":"info","event":"✅ Snowflake connector version: 3.17.2","logger":"airflow.task.hooks.airflow.providers.standard.hooks.subprocess.SubprocessHook"}
{"timestamp":"2025-09-01T04:13:47.474476","level":"info","event":"Traceback (most recent call last):","logger":"airflow.task.hooks.airflow.providers.standard.hooks.subprocess.SubprocessHook"}
{"timestamp":"2025-09-01T04:13:47.474533","level":"info","event":"  File \"/Users/quocminh/Documents/portfolio-projects/ecommerce_project_ETL/airflow_project/dags/utils/check_delayed_orders.py\", line 53, in <module>","logger":"airflow.task.hooks.airflow.providers.standard.hooks.subprocess.SubprocessHook"}
{"timestamp":"2025-09-01T04:13:47.474563","level":"info","event":"    main()","logger":"airflow.task.hooks.airflow.providers.standard.hooks.subprocess.SubprocessHook"}
{"timestamp":"2025-09-01T04:13:47.475106","level":"info","event":"  File \"/Users/quocminh/Documents/portfolio-projects/ecommerce_project_ETL/airflow_project/dags/utils/check_delayed_orders.py\", line 17, in main","logger":"airflow.task.hooks.airflow.providers.standard.hooks.subprocess.SubprocessHook"}
{"timestamp":"2025-09-01T04:13:47.475182","level":"info","event":"    sf_config = load_snowflake_config()","logger":"airflow.task.hooks.airflow.providers.standard.hooks.subprocess.SubprocessHook"}
{"timestamp":"2025-09-01T04:13:47.475206","level":"info","event":"                ^^^^^^^^^^^^^^^^^^^^^^^","logger":"airflow.task.hooks.airflow.providers.standard.hooks.subprocess.SubprocessHook"}
{"timestamp":"2025-09-01T04:13:47.475224","level":"info","event":"  File \"/Users/quocminh/Documents/portfolio-projects/ecommerce_project_ETL/airflow_project/dags/utils/check_delayed_orders.py\", line 8, in load_snowflake_config","logger":"airflow.task.hooks.airflow.providers.standard.hooks.subprocess.SubprocessHook"}
{"timestamp":"2025-09-01T04:13:47.475246","level":"info","event":"    with open(config_path, 'r') as file:","logger":"airflow.task.hooks.airflow.providers.standard.hooks.subprocess.SubprocessHook"}
{"timestamp":"2025-09-01T04:13:47.475264","level":"info","event":"         ^^^^^^^^^^^^^^^^^^^^^^","logger":"airflow.task.hooks.airflow.providers.standard.hooks.subprocess.SubprocessHook"}
{"timestamp":"2025-09-01T04:13:47.475281","level":"info","event":"FileNotFoundError: [Errno 2] No such file or directory: '/Users/quocminh/Documents/portfolio-projects/ecommerce_project_ETL/airflow_project/dags/utils/../config/snowflake_config.yaml'","logger":"airflow.task.hooks.airflow.providers.standard.hooks.subprocess.SubprocessHook"}
{"timestamp":"2025-09-01T04:13:47.596854","level":"info","event":"Command exited with return code 1","logger":"airflow.task.hooks.airflow.providers.standard.hooks.subprocess.SubprocessHook"}
{"timestamp":"2025-09-01T04:13:47.600155","level":"error","event":"Task failed with exception","logger":"task","error_detail":[{"exc_type":"AirflowException","exc_value":"Bash command failed. The command returned a non-zero exit code 1.","exc_notes":[],"syntax_error":null,"is_cause":false,"frames":[{"filename":"/Users/quocminh/Documents/portfolio-projects/ecommerce_project_ETL/airflow_venv_3117/lib/python3.11/site-packages/airflow/sdk/execution_time/task_runner.py","lineno":920,"name":"run"},{"filename":"/Users/quocminh/Documents/portfolio-projects/ecommerce_project_ETL/airflow_venv_3117/lib/python3.11/site-packages/airflow/sdk/execution_time/task_runner.py","lineno":1215,"name":"_execute_task"},{"filename":"/Users/quocminh/Documents/portfolio-projects/ecommerce_project_ETL/airflow_venv_3117/lib/python3.11/site-packages/airflow/sdk/bases/operator.py","lineno":397,"name":"wrapper"},{"filename":"/Users/quocminh/Documents/portfolio-projects/ecommerce_project_ETL/airflow_venv_3117/lib/python3.11/site-packages/airflow/providers/standard/operators/bash.py","lineno":232,"name":"execute"}],"is_group":false,"exceptions":[]}]}
{"timestamp":"2025-09-01T04:13:47.607932Z","level":"info","event":"Task instance in failure state","chan":"stdout","logger":"task"}
{"timestamp":"2025-09-01T04:13:47.616166Z","level":"info","event":"Task start","chan":"stdout","logger":"task"}
{"timestamp":"2025-09-01T04:13:47.616283Z","level":"info","event":"Task:<Task(BashOperator): check_delayed_orders>","chan":"stdout","logger":"task"}
{"timestamp":"2025-09-01T04:13:47.616335Z","level":"info","event":"Failure caused by Bash command failed. The command returned a non-zero exit code 1.","chan":"stdout","logger":"task"}
{"timestamp":"2025-09-01T04:13:47.622845","level":"error","event":"Top level error","logger":"task","error_detail":[{"exc_type":"UndefinedError","exc_value":"'airflow.sdk.execution_time.task_runner.RuntimeTaskInstance object' has no attribute 'mark_success_url'","exc_notes":[],"syntax_error":null,"is_cause":false,"frames":[{"filename":"/Users/quocminh/Documents/portfolio-projects/ecommerce_project_ETL/airflow_venv_3117/lib/python3.11/site-packages/airflow/sdk/execution_time/task_runner.py","lineno":1353,"name":"main"},{"filename":"/Users/quocminh/Documents/portfolio-projects/ecommerce_project_ETL/airflow_venv_3117/lib/python3.11/site-packages/airflow/sdk/execution_time/task_runner.py","lineno":1330,"name":"finalize"},{"filename":"/Users/quocminh/Documents/portfolio-projects/ecommerce_project_ETL/airflow_venv_3117/lib/python3.11/site-packages/airflow/sdk/execution_time/task_runner.py","lineno":1161,"name":"_send_task_error_email"},{"filename":"/Users/quocminh/Documents/portfolio-projects/ecommerce_project_ETL/airflow_venv_3117/lib/python3.11/site-packages/airflow/models/taskinstance.py","lineno":411,"name":"_get_email_subject_content"},{"filename":"/Users/quocminh/Documents/portfolio-projects/ecommerce_project_ETL/airflow_venv_3117/lib/python3.11/site-packages/airflow/models/taskinstance.py","lineno":408,"name":"render"},{"filename":"/Users/quocminh/Documents/portfolio-projects/ecommerce_project_ETL/airflow_venv_3117/lib/python3.11/site-packages/airflow/utils/helpers.py","lineno":244,"name":"render_template_to_string"},{"filename":"/Users/quocminh/Documents/portfolio-projects/ecommerce_project_ETL/airflow_venv_3117/lib/python3.11/site-packages/airflow/utils/helpers.py","lineno":239,"name":"render_template"},{"filename":"<template>","lineno":26,"name":"root"},{"filename":"/Users/quocminh/Documents/portfolio-projects/ecommerce_project_ETL/airflow_venv_3117/lib/python3.11/site-packages/jinja2/runtime.py","lineno":859,"name":"_fail_with_undefined_error"}],"is_group":false,"exceptions":[]}]}
{"timestamp":"2025-09-01T04:13:47.631410Z","level":"warning","event":"Process exited abnormally","exit_code":1,"logger":"task"}
