{"timestamp":"2025-09-01T04:13:35.679864","level":"warning","event":"Could not import pandas. Holidays will not be considered.","logger":"airflow.example_dags.plugins.workday"}
{"timestamp":"2025-09-01T04:13:35.698041","level":"info","event":"DAG bundles loaded: dags-folder, example_dags","logger":"airflow.dag_processing.bundles.manager.DagBundlesManager"}
{"timestamp":"2025-09-01T04:13:35.698371","level":"info","event":"Filling up the DagBag from /Users/quocminh/Documents/portfolio-projects/ecommerce_project_ETL/airflow_project/dags/order_monitor_dag.py","logger":"airflow.models.dagbag.DagBag"}
{"timestamp":"2025-09-01T04:13:35.774523Z","level":"info","event":"Task instance is in running state","chan":"stdout","logger":"task"}
{"timestamp":"2025-09-01T04:13:35.774595Z","level":"info","event":" Previous state of the Task instance: TaskInstanceState.QUEUED","chan":"stdout","logger":"task"}
{"timestamp":"2025-09-01T04:13:35.774809Z","level":"info","event":"Current task name:run_dbt_models","chan":"stdout","logger":"task"}
{"timestamp":"2025-09-01T04:13:35.774856Z","level":"info","event":"Dag name:order_monitor_dag","chan":"stdout","logger":"task"}
{"timestamp":"2025-09-01T04:13:35.775185","level":"info","event":"Tmp dir root location: /var/folders/dz/nl2z77xj4w9fhmgncgd1845h0000gn/T","logger":"airflow.task.hooks.airflow.providers.standard.hooks.subprocess.SubprocessHook"}
{"timestamp":"2025-09-01T04:13:35.775879","level":"info","event":"Running command: ['/bin/bash', '-c', 'source \"/Users/quocminh/Documents/portfolio-projects/ecommerce_project_ETL/airflow_venv_3117/bin/activate\" && cd \"/Users/quocminh/Documents/portfolio-projects/ecommerce_project_ETL/dbt_ecommerce\" && dbt run']","logger":"airflow.task.hooks.airflow.providers.standard.hooks.subprocess.SubprocessHook"}
{"timestamp":"2025-09-01T04:13:35.781889","level":"info","event":"Output:","logger":"airflow.task.hooks.airflow.providers.standard.hooks.subprocess.SubprocessHook"}
{"timestamp":"2025-09-01T04:13:37.815557","level":"info","event":"\u001b[0m04:13:37  Running with dbt=1.10.10","logger":"airflow.task.hooks.airflow.providers.standard.hooks.subprocess.SubprocessHook"}
{"timestamp":"2025-09-01T04:13:40.699995","level":"info","event":"\u001b[0m04:13:40  Registered adapter: snowflake=1.10.0","logger":"airflow.task.hooks.airflow.providers.standard.hooks.subprocess.SubprocessHook"}
{"timestamp":"2025-09-01T04:13:40.998164","level":"info","event":"\u001b[0m04:13:40  Found 4 models, 477 macros","logger":"airflow.task.hooks.airflow.providers.standard.hooks.subprocess.SubprocessHook"}
{"timestamp":"2025-09-01T04:13:40.999511","level":"info","event":"\u001b[0m04:13:40","logger":"airflow.task.hooks.airflow.providers.standard.hooks.subprocess.SubprocessHook"}
{"timestamp":"2025-09-01T04:13:40.999854","level":"info","event":"\u001b[0m04:13:40  Concurrency: 1 threads (target='dev')","logger":"airflow.task.hooks.airflow.providers.standard.hooks.subprocess.SubprocessHook"}
{"timestamp":"2025-09-01T04:13:41.000191","level":"info","event":"\u001b[0m04:13:40","logger":"airflow.task.hooks.airflow.providers.standard.hooks.subprocess.SubprocessHook"}
{"timestamp":"2025-09-01T04:13:42.615143","level":"info","event":"\u001b[0m04:13:42  1 of 4 START sql view model dbt_schema.stg_customers ........................... [RUN]","logger":"airflow.task.hooks.airflow.providers.standard.hooks.subprocess.SubprocessHook"}
{"timestamp":"2025-09-01T04:13:42.997472","level":"info","event":"\u001b[0m04:13:42  1 of 4 OK created sql view model dbt_schema.stg_customers ...................... [\u001b[32mSUCCESS 1\u001b[0m in 0.38s]","logger":"airflow.task.hooks.airflow.providers.standard.hooks.subprocess.SubprocessHook"}
{"timestamp":"2025-09-01T04:13:42.998568","level":"info","event":"\u001b[0m04:13:42  2 of 4 START sql view model dbt_schema.stg_orders .............................. [RUN]","logger":"airflow.task.hooks.airflow.providers.standard.hooks.subprocess.SubprocessHook"}
{"timestamp":"2025-09-01T04:13:43.430335","level":"info","event":"\u001b[0m04:13:43  2 of 4 OK created sql view model dbt_schema.stg_orders ......................... [\u001b[32mSUCCESS 1\u001b[0m in 0.43s]","logger":"airflow.task.hooks.airflow.providers.standard.hooks.subprocess.SubprocessHook"}
{"timestamp":"2025-09-01T04:13:43.431895","level":"info","event":"\u001b[0m04:13:43  3 of 4 START sql view model dbt_schema.stg_shipments ........................... [RUN]","logger":"airflow.task.hooks.airflow.providers.standard.hooks.subprocess.SubprocessHook"}
{"timestamp":"2025-09-01T04:13:43.651582","level":"info","event":"\u001b[0m04:13:43  3 of 4 OK created sql view model dbt_schema.stg_shipments ...................... [\u001b[32mSUCCESS 1\u001b[0m in 0.22s]","logger":"airflow.task.hooks.airflow.providers.standard.hooks.subprocess.SubprocessHook"}
{"timestamp":"2025-09-01T04:13:43.653809","level":"info","event":"\u001b[0m04:13:43  4 of 4 START sql view model dbt_schema.orders_status ........................... [RUN]","logger":"airflow.task.hooks.airflow.providers.standard.hooks.subprocess.SubprocessHook"}
{"timestamp":"2025-09-01T04:13:43.999185","level":"info","event":"\u001b[0m04:13:43  4 of 4 OK created sql view model dbt_schema.orders_status ...................... [\u001b[32mSUCCESS 1\u001b[0m in 0.34s]","logger":"airflow.task.hooks.airflow.providers.standard.hooks.subprocess.SubprocessHook"}
{"timestamp":"2025-09-01T04:13:44.112967","level":"info","event":"\u001b[0m04:13:44","logger":"airflow.task.hooks.airflow.providers.standard.hooks.subprocess.SubprocessHook"}
{"timestamp":"2025-09-01T04:13:44.113297","level":"info","event":"\u001b[0m04:13:44  Finished running 4 view models in 0 hours 0 minutes and 3.11 seconds (3.11s).","logger":"airflow.task.hooks.airflow.providers.standard.hooks.subprocess.SubprocessHook"}
{"timestamp":"2025-09-01T04:13:44.133940","level":"info","event":"\u001b[0m04:13:44","logger":"airflow.task.hooks.airflow.providers.standard.hooks.subprocess.SubprocessHook"}
{"timestamp":"2025-09-01T04:13:44.134165","level":"info","event":"\u001b[0m04:13:44  \u001b[32mCompleted successfully\u001b[0m","logger":"airflow.task.hooks.airflow.providers.standard.hooks.subprocess.SubprocessHook"}
{"timestamp":"2025-09-01T04:13:44.134377","level":"info","event":"\u001b[0m04:13:44","logger":"airflow.task.hooks.airflow.providers.standard.hooks.subprocess.SubprocessHook"}
{"timestamp":"2025-09-01T04:13:44.134794","level":"info","event":"\u001b[0m04:13:44  Done. PASS=4 WARN=0 ERROR=0 SKIP=0 NO-OP=0 TOTAL=4","logger":"airflow.task.hooks.airflow.providers.standard.hooks.subprocess.SubprocessHook"}
{"timestamp":"2025-09-01T04:13:45.537668","level":"info","event":"Command exited with return code 0","logger":"airflow.task.hooks.airflow.providers.standard.hooks.subprocess.SubprocessHook"}
{"timestamp":"2025-09-01T04:13:45.539409","level":"info","event":"Pushing xcom","ti":"RuntimeTaskInstance(id=UUID('0199037a-eece-7b23-81e7-1366f7ec7d53'), task_id='run_dbt_models', dag_id='order_monitor_dag', run_id='manual__2025-09-01T04:13:32.188345+00:00', try_number=1, map_index=-1, hostname='edwards-macbook-air.local', context_carrier=None, task=<Task(BashOperator): run_dbt_models>, bundle_instance=LocalDagBundle(name=dags-folder), max_tries=0, start_date=datetime.datetime(2025, 9, 1, 4, 13, 34, 884013, tzinfo=datetime.timezone.utc), end_date=None, state=<TaskInstanceState.RUNNING: 'running'>, is_mapped=False, rendered_map_index=None, log_url='http://localhost:8080/dags/order_monitor_dag/runs/manual__2025-09-01T04%3A13%3A32.188345%2B00%3A00/tasks/run_dbt_models?try_number=1')","logger":"task"}
{"timestamp":"2025-09-01T04:13:45.567720Z","level":"info","event":"Task instance in success state","chan":"stdout","logger":"task"}
{"timestamp":"2025-09-01T04:13:45.567792Z","level":"info","event":" Previous state of the Task instance: TaskInstanceState.RUNNING","chan":"stdout","logger":"task"}
{"timestamp":"2025-09-01T04:13:45.568769Z","level":"info","event":"Task operator:<Task(BashOperator): run_dbt_models>","chan":"stdout","logger":"task"}
